<?xml version="1.0" encoding="UTF-8"?>
<!-- Generated by org.testng.reporters.JUnitXMLReporter -->
<testsuite ignored="0" hostname="DESKTOP-303B9DJ" failures="0" tests="5" name="Web Calculator Test" time="37.938" errors="0" timestamp="2024-04-26T14:30:38 EDT">
  <testcase classname="webcalculator.tests.CalculatorTest" name="TestScenario1" time="5.426"/>
  <testcase classname="webcalculator.tests.CalculatorTest" name="TestScenario2" time="5.321"/>
  <testcase classname="webcalculator.tests.CalculatorTest" name="TestScenario3" time="6.229"/>
  <testcase classname="webcalculator.tests.CalculatorTest" name="TestScenario4" time="5.297"/>
  <testcase classname="webcalculator.tests.CalculatorTest" name="calculatorHistoryTest" time="0.785"/>
</testsuite> <!-- Web Calculator Test -->
