<?xml version="1.0" encoding="UTF-8"?>
<testng-results ignored="0" total="5" passed="5" failed="0" skipped="0">
  <reporter-output>
  </reporter-output>
  <suite started-at="2024-04-26T14:30:00 EDT" name="Suite" finished-at="2024-04-26T14:30:38 EDT" duration-ms="37938">
    <groups>
    </groups>
    <test started-at="2024-04-26T14:30:00 EDT" name="Web Calculator Test" finished-at="2024-04-26T14:30:38 EDT" duration-ms="37938">
      <class name="webcalculator.tests.CalculatorTest">
        <test-method is-config="true" signature="launchApplication()[pri:0, instance:webcalculator.tests.CalculatorTest@5b247367]" started-at="2024-04-26T14:30:00 EDT" name="launchApplication" finished-at="2024-04-26T14:30:11 EDT" duration-ms="11201" status="PASS">
          <reporter-output>
          </reporter-output>
        </test-method> <!-- launchApplication -->
        <test-method is-config="true" signature="clearScreen()[pri:0, instance:webcalculator.tests.CalculatorTest@5b247367]" started-at="2024-04-26T14:30:11 EDT" name="clearScreen" finished-at="2024-04-26T14:30:12 EDT" duration-ms="395" status="PASS">
          <reporter-output>
          </reporter-output>
        </test-method> <!-- clearScreen -->
        <test-method signature="TestScenario1(java.util.Map)[pri:4, instance:webcalculator.tests.CalculatorTest@5b247367]" started-at="2024-04-26T14:30:12 EDT" name="TestScenario1" data-provider="getData" finished-at="2024-04-26T14:30:17 EDT" duration-ms="5426" status="PASS">
          <params>
            <param index="0">
              <value>
                <![CDATA[{sin(30)=0.5, (10-2)*2=16, 10-2=8, 2+3=5}]]>
              </value>
            </param>
          </params>
          <reporter-output>
          </reporter-output>
        </test-method> <!-- TestScenario1 -->
        <test-method is-config="true" signature="clearScreen()[pri:0, instance:webcalculator.tests.CalculatorTest@5b247367]" started-at="2024-04-26T14:30:17 EDT" name="clearScreen" finished-at="2024-04-26T14:30:17 EDT" duration-ms="260" status="PASS">
          <reporter-output>
          </reporter-output>
        </test-method> <!-- clearScreen -->
        <test-method signature="TestScenario2()[pri:0, instance:webcalculator.tests.CalculatorTest@5b247367]" started-at="2024-04-26T14:30:17 EDT" name="TestScenario2" finished-at="2024-04-26T14:30:23 EDT" depends-on-methods="webcalculator.tests.CalculatorTest.TestScenario1" duration-ms="5321" status="PASS">
          <reporter-output>
          </reporter-output>
        </test-method> <!-- TestScenario2 -->
        <test-method is-config="true" signature="clearScreen()[pri:0, instance:webcalculator.tests.CalculatorTest@5b247367]" started-at="2024-04-26T14:30:23 EDT" name="clearScreen" finished-at="2024-04-26T14:30:23 EDT" duration-ms="240" status="PASS">
          <reporter-output>
          </reporter-output>
        </test-method> <!-- clearScreen -->
        <test-method signature="TestScenario3()[pri:0, instance:webcalculator.tests.CalculatorTest@5b247367]" started-at="2024-04-26T14:30:23 EDT" name="TestScenario3" finished-at="2024-04-26T14:30:29 EDT" depends-on-methods="webcalculator.tests.CalculatorTest.TestScenario2" duration-ms="6229" status="PASS">
          <reporter-output>
          </reporter-output>
        </test-method> <!-- TestScenario3 -->
        <test-method is-config="true" signature="clearScreen()[pri:0, instance:webcalculator.tests.CalculatorTest@5b247367]" started-at="2024-04-26T14:30:29 EDT" name="clearScreen" finished-at="2024-04-26T14:30:29 EDT" duration-ms="240" status="PASS">
          <reporter-output>
          </reporter-output>
        </test-method> <!-- clearScreen -->
        <test-method signature="TestScenario4()[pri:0, instance:webcalculator.tests.CalculatorTest@5b247367]" started-at="2024-04-26T14:30:29 EDT" name="TestScenario4" finished-at="2024-04-26T14:30:35 EDT" depends-on-methods="webcalculator.tests.CalculatorTest.TestScenario3" duration-ms="5297" status="PASS">
          <reporter-output>
          </reporter-output>
        </test-method> <!-- TestScenario4 -->
        <test-method is-config="true" signature="clearScreen()[pri:0, instance:webcalculator.tests.CalculatorTest@5b247367]" started-at="2024-04-26T14:30:35 EDT" name="clearScreen" finished-at="2024-04-26T14:30:35 EDT" duration-ms="301" status="PASS">
          <reporter-output>
          </reporter-output>
        </test-method> <!-- clearScreen -->
        <test-method signature="calculatorHistoryTest(java.util.Map)[pri:0, instance:webcalculator.tests.CalculatorTest@5b247367]" started-at="2024-04-26T14:30:35 EDT" name="calculatorHistoryTest" data-provider="getData" finished-at="2024-04-26T14:30:36 EDT" depends-on-methods="webcalculator.tests.CalculatorTest.TestScenario4" duration-ms="785" status="PASS">
          <params>
            <param index="0">
              <value>
                <![CDATA[{sin(30)=0.5, (10-2)*2=16, 10-2=8, 2+3=5}]]>
              </value>
            </param>
          </params>
          <reporter-output>
          </reporter-output>
        </test-method> <!-- calculatorHistoryTest -->
        <test-method is-config="true" signature="tearDown()[pri:0, instance:webcalculator.tests.CalculatorTest@5b247367]" started-at="2024-04-26T14:30:36 EDT" name="tearDown" finished-at="2024-04-26T14:30:38 EDT" duration-ms="2103" status="PASS">
          <reporter-output>
          </reporter-output>
        </test-method> <!-- tearDown -->
      </class> <!-- webcalculator.tests.CalculatorTest -->
    </test> <!-- Web Calculator Test -->
  </suite> <!-- Suite -->
</testng-results>
